<?xml version="1.0" encoding="UTF-8"?>
<testng-results ignored="0" total="1" passed="1" failed="0" skipped="0">
  <reporter-output>
    <line>
      <![CDATA[Establish DB Connectivity]]>
    </line>
    <line>
      <![CDATA[Pre-condition]]>
    </line>
    <line>
      <![CDATA[Launch the browser]]>
    </line>
    <line>
      <![CDATA[Logged in]]>
    </line>
    <line>
      <![CDATA[Successfully Created the campaign learnwithfun3796]]>
    </line>
    <line>
      <![CDATA[Post-condition]]>
    </line>
    <line>
      <![CDATA[Close the DB Connectivity]]>
    </line>
  </reporter-output>
  <suite started-at="2025-07-18T17:02:14 IST" name="Default suite" finished-at="2025-07-18T17:02:23 IST" duration-ms="8925">
    <groups>
      <group name="RegressionTestCase">
        <method signature="CreateCampaignWithCloseDateTest.createCampWithDateTest()[pri:0, instance:ninzaCrm_TestNg.CreateCampaignWithCloseDateTest@41a2befb]" name="createCampWithDateTest" class="ninzaCrm_TestNg.CreateCampaignWithCloseDateTest"/>
      </group> <!-- RegressionTestCase -->
    </groups>
    <test started-at="2025-07-18T17:02:14 IST" name="Default test" finished-at="2025-07-18T17:02:23 IST" duration-ms="8925">
      <class name="ninzaCrm_TestNg.CreateCampaignWithCloseDateTest">
        <test-method is-config="true" signature="configBS()[pri:0, instance:ninzaCrm_TestNg.CreateCampaignWithCloseDateTest@41a2befb]" started-at="2025-07-18T17:02:14 IST" name="configBS" finished-at="2025-07-18T17:02:14 IST" duration-ms="25" status="PASS">
          <reporter-output>
            <line>
              <![CDATA[Establish DB Connectivity]]>
            </line>
          </reporter-output>
        </test-method> <!-- configBS -->
        <test-method is-config="true" signature="configBT()[pri:0, instance:ninzaCrm_TestNg.CreateCampaignWithCloseDateTest@41a2befb]" started-at="2025-07-18T17:02:14 IST" name="configBT" finished-at="2025-07-18T17:02:14 IST" duration-ms="1" status="PASS">
          <reporter-output>
            <line>
              <![CDATA[Pre-condition]]>
            </line>
          </reporter-output>
        </test-method> <!-- configBT -->
        <test-method is-config="true" signature="configBC()[pri:0, instance:ninzaCrm_TestNg.CreateCampaignWithCloseDateTest@41a2befb]" started-at="2025-07-18T17:02:14 IST" name="configBC" finished-at="2025-07-18T17:02:18 IST" duration-ms="3362" status="PASS">
          <reporter-output>
            <line>
              <![CDATA[Launch the browser]]>
            </line>
          </reporter-output>
        </test-method> <!-- configBC -->
        <test-method is-config="true" signature="configBM()[pri:0, instance:ninzaCrm_TestNg.CreateCampaignWithCloseDateTest@41a2befb]" started-at="2025-07-18T17:02:18 IST" name="configBM" finished-at="2025-07-18T17:02:18 IST" duration-ms="623" status="PASS">
          <reporter-output>
            <line>
              <![CDATA[Logged in]]>
            </line>
          </reporter-output>
        </test-method> <!-- configBM -->
        <test-method signature="createCampWithDateTest()[pri:0, instance:ninzaCrm_TestNg.CreateCampaignWithCloseDateTest@41a2befb]" started-at="2025-07-18T17:02:18 IST" name="createCampWithDateTest" finished-at="2025-07-18T17:02:23 IST" duration-ms="4483" status="PASS">
          <reporter-output>
            <line>
              <![CDATA[Successfully Created the campaign learnwithfun3796]]>
            </line>
          </reporter-output>
        </test-method> <!-- createCampWithDateTest -->
        <test-method is-config="true" signature="configAM()[pri:0, instance:ninzaCrm_TestNg.CreateCampaignWithCloseDateTest@41a2befb]" started-at="2025-07-18T17:02:23 IST" name="configAM" finished-at="2025-07-18T17:02:23 IST" duration-ms="317" status="FAIL">
          <exception class="org.openqa.selenium.StaleElementReferenceException">
            <message>
              <![CDATA[stale element reference: stale element not found in the current frame
  (Session info: MicrosoftEdge=138.0.3351.95)
For documentation on this error, please visit: https://www.selenium.dev/documentation/webdriver/troubleshooting/errors#stale-element-reference-exception
Build info: version: '4.27.0', revision: 'd6e718d134'
System info: os.name: 'Windows 10', os.arch: 'amd64', os.version: '10.0', java.version: '23.0.1'
Driver info: org.openqa.selenium.edge.EdgeDriver
Command: [99cdf4c901e1c2b8203316fcfc5480e7, clickElement {id=f.C3415D6D377304D0D2B70BC30613363D.d.DB504421F60B155C43FA093FFA68028E.e.91}]
Capabilities {acceptInsecureCerts: false, browserName: MicrosoftEdge, browserVersion: 138.0.3351.95, fedcm:accounts: true, ms:edgeOptions: {debuggerAddress: localhost:64149}, msedge: {msedgedriverVersion: 138.0.3351.83 (16e2a7bef320..., userDataDir: C:\Users\Dell\AppData\Local...}, networkConnectionEnabled: false, pageLoadStrategy: normal, platformName: windows, proxy: Proxy(), se:cdp: ws://localhost:64149/devtoo..., se:cdpVersion: 138.0.3351.95, setWindowRect: true, strictFileInteractability: false, timeouts: {implicit: 0, pageLoad: 300000, script: 30000}, unhandledPromptBehavior: dismiss and notify, webauthn:extension:credBlob: true, webauthn:extension:largeBlob: true, webauthn:extension:minPinLength: true, webauthn:extension:prf: true, webauthn:virtualAuthenticators: true}
Element: [[EdgeDriver: MicrosoftEdge on windows (99cdf4c901e1c2b8203316fcfc5480e7)] -> xpath: //div[text()='Logout ']]
Session ID: 99cdf4c901e1c2b8203316fcfc5480e7]]>
            </message>
            <full-stacktrace>
              <![CDATA[org.openqa.selenium.StaleElementReferenceException: stale element reference: stale element not found in the current frame
  (Session info: MicrosoftEdge=138.0.3351.95)
For documentation on this error, please visit: https://www.selenium.dev/documentation/webdriver/troubleshooting/errors#stale-element-reference-exception
Build info: version: '4.27.0', revision: 'd6e718d134'
System info: os.name: 'Windows 10', os.arch: 'amd64', os.version: '10.0', java.version: '23.0.1'
Driver info: org.openqa.selenium.edge.EdgeDriver
Command: [99cdf4c901e1c2b8203316fcfc5480e7, clickElement {id=f.C3415D6D377304D0D2B70BC30613363D.d.DB504421F60B155C43FA093FFA68028E.e.91}]
Capabilities {acceptInsecureCerts: false, browserName: MicrosoftEdge, browserVersion: 138.0.3351.95, fedcm:accounts: true, ms:edgeOptions: {debuggerAddress: localhost:64149}, msedge: {msedgedriverVersion: 138.0.3351.83 (16e2a7bef320..., userDataDir: C:\Users\Dell\AppData\Local...}, networkConnectionEnabled: false, pageLoadStrategy: normal, platformName: windows, proxy: Proxy(), se:cdp: ws://localhost:64149/devtoo..., se:cdpVersion: 138.0.3351.95, setWindowRect: true, strictFileInteractability: false, timeouts: {implicit: 0, pageLoad: 300000, script: 30000}, unhandledPromptBehavior: dismiss and notify, webauthn:extension:credBlob: true, webauthn:extension:largeBlob: true, webauthn:extension:minPinLength: true, webauthn:extension:prf: true, webauthn:virtualAuthenticators: true}
Element: [[EdgeDriver: MicrosoftEdge on windows (99cdf4c901e1c2b8203316fcfc5480e7)] -> xpath: //div[text()='Logout ']]
Session ID: 99cdf4c901e1c2b8203316fcfc5480e7
at java.base/jdk.internal.reflect.DirectConstructorHandleAccessor.newInstance(DirectConstructorHandleAccessor.java:62)
at java.base/java.lang.reflect.Constructor.newInstanceWithCaller(Constructor.java:501)
at java.base/java.lang.reflect.Constructor.newInstance(Constructor.java:485)
at org.openqa.selenium.remote.ErrorCodec.decode(ErrorCodec.java:167)
at org.openqa.selenium.remote.codec.w3c.W3CHttpResponseCodec.decode(W3CHttpResponseCodec.java:138)
at org.openqa.selenium.remote.codec.w3c.W3CHttpResponseCodec.decode(W3CHttpResponseCodec.java:50)
at org.openqa.selenium.remote.HttpCommandExecutor.execute(HttpCommandExecutor.java:190)
at org.openqa.selenium.remote.service.DriverCommandExecutor.invokeExecute(DriverCommandExecutor.java:216)
at org.openqa.selenium.remote.service.DriverCommandExecutor.execute(DriverCommandExecutor.java:174)
at org.openqa.selenium.remote.RemoteWebDriver.execute(RemoteWebDriver.java:545)
at org.openqa.selenium.remote.RemoteWebElement.execute(RemoteWebElement.java:223)
at org.openqa.selenium.remote.RemoteWebElement.click(RemoteWebElement.java:76)
at java.base/jdk.internal.reflect.DirectMethodHandleAccessor.invoke(DirectMethodHandleAccessor.java:103)
at java.base/java.lang.reflect.Method.invoke(Method.java:580)
at org.openqa.selenium.support.pagefactory.internal.LocatingElementHandler.invoke(LocatingElementHandler.java:51)
at jdk.proxy2/jdk.proxy2.$Proxy18.click(Unknown Source)
at objectRepository.HomePage.logOutOfNinzaCRM(HomePage.java:58)
at base.BaseClass.configAM(BaseClass.java:55)
at java.base/jdk.internal.reflect.DirectMethodHandleAccessor.invoke(DirectMethodHandleAccessor.java:103)
at java.base/java.lang.reflect.Method.invoke(Method.java:580)
at org.testng.internal.invokers.MethodInvocationHelper.invokeMethod(MethodInvocationHelper.java:141)
at org.testng.internal.invokers.MethodInvocationHelper.invokeMethodConsideringTimeout(MethodInvocationHelper.java:71)
at org.testng.internal.invokers.ConfigInvoker.invokeConfigurationMethod(ConfigInvoker.java:400)
at org.testng.internal.invokers.ConfigInvoker.invokeConfigurations(ConfigInvoker.java:333)
at org.testng.internal.invokers.TestInvoker.runConfigMethods(TestInvoker.java:833)
at org.testng.internal.invokers.TestInvoker.runAfterConfigurations(TestInvoker.java:802)
at org.testng.internal.invokers.TestInvoker.invokeMethod(TestInvoker.java:778)
at org.testng.internal.invokers.TestInvoker.invokeTestMethod(TestInvoker.java:230)
at org.testng.internal.invokers.MethodRunner.runInSequence(MethodRunner.java:63)
at org.testng.internal.invokers.TestInvoker$MethodInvocationAgent.invoke(TestInvoker.java:992)
at org.testng.internal.invokers.TestInvoker.invokeTestMethods(TestInvoker.java:203)
at org.testng.internal.invokers.TestMethodWorker.invokeTestMethods(TestMethodWorker.java:154)
at org.testng.internal.invokers.TestMethodWorker.run(TestMethodWorker.java:134)
at java.base/java.util.ArrayList.forEach(ArrayList.java:1597)
at org.testng.TestRunner.privateRun(TestRunner.java:739)
at org.testng.TestRunner.run(TestRunner.java:614)
at org.testng.SuiteRunner.runTest(SuiteRunner.java:421)
at org.testng.SuiteRunner.runSequentially(SuiteRunner.java:413)
at org.testng.SuiteRunner.privateRun(SuiteRunner.java:373)
at org.testng.SuiteRunner.run(SuiteRunner.java:312)
at org.testng.SuiteRunnerWorker.runSuite(SuiteRunnerWorker.java:52)
at org.testng.SuiteRunnerWorker.run(SuiteRunnerWorker.java:95)
at org.testng.TestNG.runSuitesSequentially(TestNG.java:1274)
at org.testng.TestNG.runSuitesLocally(TestNG.java:1208)
at org.testng.TestNG.runSuites(TestNG.java:1112)
at org.testng.TestNG.run(TestNG.java:1079)
at org.testng.remote.AbstractRemoteTestNG.run(AbstractRemoteTestNG.java:115)
at org.testng.remote.RemoteTestNG.initAndRun(RemoteTestNG.java:293)
at org.testng.remote.RemoteTestNG.main(RemoteTestNG.java:91)
]]>
            </full-stacktrace>
          </exception> <!-- org.openqa.selenium.StaleElementReferenceException -->
          <reporter-output>
          </reporter-output>
        </test-method> <!-- configAM -->
        <test-method is-config="true" signature="configAC()[pri:0, instance:ninzaCrm_TestNg.CreateCampaignWithCloseDateTest@41a2befb]" started-at="2025-07-18T17:02:23 IST" name="configAC" finished-at="2025-07-18T17:02:23 IST" duration-ms="0" status="SKIP">
          <reporter-output>
          </reporter-output>
        </test-method> <!-- configAC -->
        <test-method is-config="true" signature="configAT()[pri:0, instance:ninzaCrm_TestNg.CreateCampaignWithCloseDateTest@41a2befb]" started-at="2025-07-18T17:02:23 IST" name="configAT" finished-at="2025-07-18T17:02:23 IST" duration-ms="1" status="PASS">
          <reporter-output>
            <line>
              <![CDATA[Post-condition]]>
            </line>
          </reporter-output>
        </test-method> <!-- configAT -->
        <test-method is-config="true" signature="configAS()[pri:0, instance:ninzaCrm_TestNg.CreateCampaignWithCloseDateTest@41a2befb]" started-at="2025-07-18T17:02:23 IST" name="configAS" finished-at="2025-07-18T17:02:23 IST" duration-ms="0" status="PASS">
          <reporter-output>
            <line>
              <![CDATA[Close the DB Connectivity]]>
            </line>
          </reporter-output>
        </test-method> <!-- configAS -->
      </class> <!-- ninzaCrm_TestNg.CreateCampaignWithCloseDateTest -->
    </test> <!-- Default test -->
  </suite> <!-- Default suite -->
</testng-results>
